<?xml version="1.0" encoding="UTF-8"?>
<testng-results ignored="0" total="1" passed="1" failed="0" skipped="0">
  <reporter-output>
  </reporter-output>
  <suite started-at="2023-08-20T08:40:52 EDT" name="Default suite" finished-at="2023-08-20T08:40:58 EDT" duration-ms="6578">
    <groups>
    </groups>
    <test started-at="2023-08-20T08:40:52 EDT" name="Default test" finished-at="2023-08-20T08:40:58 EDT" duration-ms="6578">
      <class name="tests.selenium.TC0001_CreateLead">
        <test-method is-config="true" signature="beforeSuite()[pri:0, instance:tests.selenium.TC0001_CreateLead@459e9125]" started-at="2023-08-20T08:40:51 EDT" name="beforeSuite" finished-at="2023-08-20T08:40:52 EDT" duration-ms="845" status="PASS">
          <reporter-output>
          </reporter-output>
        </test-method> <!-- beforeSuite -->
        <test-method is-config="true" signature="setValues()[pri:0, instance:tests.selenium.TC0001_CreateLead@459e9125]" started-at="2023-08-20T08:40:52 EDT" name="setValues" finished-at="2023-08-20T08:40:52 EDT" duration-ms="0" status="PASS">
          <reporter-output>
          </reporter-output>
        </test-method> <!-- setValues -->
        <test-method is-config="true" signature="beforeClass()[pri:0, instance:tests.selenium.TC0001_CreateLead@459e9125]" started-at="2023-08-20T08:40:52 EDT" name="beforeClass" finished-at="2023-08-20T08:40:52 EDT" duration-ms="1" status="PASS">
          <reporter-output>
          </reporter-output>
        </test-method> <!-- beforeClass -->
        <test-method is-config="true" signature="beforeMethod()[pri:0, instance:tests.selenium.TC0001_CreateLead@459e9125]" started-at="2023-08-20T08:40:52 EDT" name="beforeMethod" finished-at="2023-08-20T08:40:56 EDT" duration-ms="3947" status="PASS">
          <reporter-output>
          </reporter-output>
        </test-method> <!-- beforeMethod -->
        <test-method signature="CreateLead(java.lang.String, java.lang.String, java.lang.String)[pri:0, instance:tests.selenium.TC0001_CreateLead@459e9125]" started-at="2023-08-20T08:40:56 EDT" name="CreateLead" data-provider="fetchData" finished-at="2023-08-20T08:40:58 EDT" duration-ms="1919" status="PASS">
          <params>
            <param index="0">
              <value>
                <![CDATA[incident]]>
              </value>
            </param>
            <param index="1">
              <value>
                <![CDATA[Abel]]>
              </value>
            </param>
            <param index="2">
              <value>
                <![CDATA[Ths is automated test from Makaia data 1]]>
              </value>
            </param>
          </params>
          <reporter-output>
          </reporter-output>
        </test-method> <!-- CreateLead -->
        <test-method is-config="true" signature="afterMethod()[pri:0, instance:tests.selenium.TC0001_CreateLead@459e9125]" started-at="2023-08-20T08:40:58 EDT" name="afterMethod" finished-at="2023-08-20T08:40:58 EDT" duration-ms="189" status="PASS">
          <reporter-output>
          </reporter-output>
        </test-method> <!-- afterMethod -->
        <test-method is-config="true" signature="afterSuite()[pri:0, instance:tests.selenium.TC0001_CreateLead@459e9125]" started-at="2023-08-20T08:40:58 EDT" name="afterSuite" finished-at="2023-08-20T08:40:59 EDT" duration-ms="416" status="PASS">
          <reporter-output>
          </reporter-output>
        </test-method> <!-- afterSuite -->
      </class> <!-- tests.selenium.TC0001_CreateLead -->
    </test> <!-- Default test -->
  </suite> <!-- Default suite -->
</testng-results>
